[1005/220854.692:ERROR:file_io_win.cc(162)] CreateFile C:\Users\Matheus\AppData\Local\Temp\puppeteer_dev_chrome_profile-PBj7R8\Crashpad\settings.dat: O sistema não pode encontrar o caminho especificado. (0x3)
[1005/220854.694:ERROR:file_io_win.cc(171)] CreateFile C:\Users\Matheus\AppData\Local\Temp\puppeteer_dev_chrome_profile-PBj7R8\Crashpad\reports\0b19a152-2129-4638-b183-d9b59f0a071e.dmp: O sistema não pode encontrar o caminho especificado. (0x3)
[1005/220854.694:ERROR:crash_report_exception_handler.cc(97)] PrepareNewCrashReport failed
[1005/221216.943:ERROR:file_io_win.cc(162)] CreateFile C:\Users\Matheus\AppData\Local\Temp\puppeteer_dev_chrome_profile-vFR3M4\Crashpad\settings.dat: O sistema não pode encontrar o caminho especificado. (0x3)
[1005/221216.945:ERROR:file_io_win.cc(171)] CreateFile C:\Users\Matheus\AppData\Local\Temp\puppeteer_dev_chrome_profile-vFR3M4\Crashpad\reports\3f87e77c-59c5-45d9-ba4b-614efb0d4db0.dmp: O sistema não pode encontrar o caminho especificado. (0x3)
[1005/221216.945:ERROR:crash_report_exception_handler.cc(97)] PrepareNewCrashReport failed
[1005/221410.546:ERROR:process_reader_win.cc(151)] SuspendThread: Acesso negado. (0x5)
[1005/221410.555:ERROR:file_io_win.cc(162)] CreateFile C:\Users\Matheus\AppData\Local\Temp\puppeteer_dev_chrome_profile-77XhKv\Crashpad\settings.dat: O sistema não pode encontrar o caminho especificado. (0x3)
[1005/221410.556:ERROR:file_io_win.cc(171)] CreateFile C:\Users\Matheus\AppData\Local\Temp\puppeteer_dev_chrome_profile-77XhKv\Crashpad\reports\c7afb53a-17ec-4971-a8ed-b136f7041b7d.dmp: O sistema não pode encontrar o caminho especificado. (0x3)
[1005/221410.556:ERROR:crash_report_exception_handler.cc(97)] PrepareNewCrashReport failed
[1006/080518.431:ERROR:file_io_win.cc(162)] CreateFile C:\Users\Matheus\AppData\Local\Temp\puppeteer_dev_chrome_profile-XCaUhh\Crashpad\settings.dat: O sistema não pode encontrar o caminho especificado. (0x3)
[1006/080518.432:ERROR:file_io_win.cc(171)] CreateFile C:\Users\Matheus\AppData\Local\Temp\puppeteer_dev_chrome_profile-XCaUhh\Crashpad\reports\c45d0e65-630d-4fb7-b94b-ac83d16c897f.dmp: O sistema não pode encontrar o caminho especificado. (0x3)
[1006/080518.432:ERROR:crash_report_exception_handler.cc(97)] PrepareNewCrashReport failed
[1006/081402.629:ERROR:process_reader_win.cc(151)] SuspendThread: Acesso negado. (0x5)
[1006/081402.642:ERROR:file_io_win.cc(162)] CreateFile C:\Users\Matheus\AppData\Local\Temp\puppeteer_dev_chrome_profile-o22jwD\Crashpad\settings.dat: O sistema não pode encontrar o caminho especificado. (0x3)
[1006/081402.643:ERROR:file_io_win.cc(171)] CreateFile C:\Users\Matheus\AppData\Local\Temp\puppeteer_dev_chrome_profile-o22jwD\Crashpad\reports\19e8459c-212b-48a2-8241-792b0556e889.dmp: O sistema não pode encontrar o caminho especificado. (0x3)
[1006/081402.643:ERROR:crash_report_exception_handler.cc(97)] PrepareNewCrashReport failed
[1006/103544.842:ERROR:file_io_win.cc(162)] CreateFile C:\Users\Matheus\AppData\Local\Temp\puppeteer_dev_chrome_profile-7aSC3y\Crashpad\settings.dat: O sistema não pode encontrar o caminho especificado. (0x3)
[1006/103544.842:ERROR:file_io_win.cc(171)] CreateFile C:\Users\Matheus\AppData\Local\Temp\puppeteer_dev_chrome_profile-7aSC3y\Crashpad\reports\53a8453b-2181-4b76-86b4-86550c1cb1a4.dmp: O sistema não pode encontrar o caminho especificado. (0x3)
[1006/103544.842:ERROR:crash_report_exception_handler.cc(97)] PrepareNewCrashReport failed
[1006/165340.612:ERROR:file_io_win.cc(162)] CreateFile C:\Users\Matheus\AppData\Local\Temp\puppeteer_dev_chrome_profile-RQBf26\Crashpad\settings.dat: O sistema não pode encontrar o caminho especificado. (0x3)
[1006/165340.613:ERROR:file_io_win.cc(171)] CreateFile C:\Users\Matheus\AppData\Local\Temp\puppeteer_dev_chrome_profile-RQBf26\Crashpad\reports\1d0bb690-3c16-4379-b00e-d6aaf27bf878.dmp: O sistema não pode encontrar o caminho especificado. (0x3)
[1006/165340.614:ERROR:crash_report_exception_handler.cc(97)] PrepareNewCrashReport failed
[1006/165350.871:ERROR:file_io_win.cc(162)] CreateFile C:\Users\Matheus\AppData\Local\Temp\puppeteer_dev_chrome_profile-Om9zVR\Crashpad\settings.dat: O sistema não pode encontrar o caminho especificado. (0x3)
[1006/165350.872:ERROR:file_io_win.cc(171)] CreateFile C:\Users\Matheus\AppData\Local\Temp\puppeteer_dev_chrome_profile-Om9zVR\Crashpad\reports\89f86480-51c6-44dd-b66a-2c182a5ec9a2.dmp: O sistema não pode encontrar o caminho especificado. (0x3)
[1006/165350.872:ERROR:crash_report_exception_handler.cc(97)] PrepareNewCrashReport failed
